This is pdfTeX, Version 3.14159265-2.6-1.40.15 (TeX Live 2014) (preloaded format=pdflatex 2014.9.8)  23 NOV 2014 14:45
entering extended mode
 restricted \write18 enabled.
 %&-line parsing enabled.
**1105_hw_yhhsu.tex
(./1105_hw_yhhsu.tex
LaTeX2e <2014/05/01>
Babel <3.9k> and hyphenation patterns for 78 languages loaded.
(/usr/local/texlive/2014/texmf-dist/tex/latex/base/article.cls
Document Class: article 2007/10/19 v1.4h Standard LaTeX document class
(/usr/local/texlive/2014/texmf-dist/tex/latex/base/size12.clo
File: size12.clo 2007/10/19 v1.4h Standard LaTeX file (size option)
)
\c@part=\count79
\c@section=\count80
\c@subsection=\count81
\c@subsubsection=\count82
\c@paragraph=\count83
\c@subparagraph=\count84
\c@figure=\count85
\c@table=\count86
\abovecaptionskip=\skip41
\belowcaptionskip=\skip42
\bibindent=\dimen102
)
(/usr/local/texlive/2014/texmf-dist/tex/latex/graphics/graphicx.sty
Package: graphicx 2014/04/25 v1.0g Enhanced LaTeX Graphics (DPC,SPQR)

(/usr/local/texlive/2014/texmf-dist/tex/latex/graphics/keyval.sty
Package: keyval 2014/05/08 v1.15 key=value parser (DPC)
\KV@toks@=\toks14
)
(/usr/local/texlive/2014/texmf-dist/tex/latex/graphics/graphics.sty
Package: graphics 2009/02/05 v1.0o Standard LaTeX Graphics (DPC,SPQR)

(/usr/local/texlive/2014/texmf-dist/tex/latex/graphics/trig.sty
Package: trig 1999/03/16 v1.09 sin cos tan (DPC)
)
(/usr/local/texlive/2014/texmf-dist/tex/latex/latexconfig/graphics.cfg
File: graphics.cfg 2010/04/23 v1.9 graphics configuration of TeX Live
)
Package graphics Info: Driver file: pdftex.def on input line 91.

(/usr/local/texlive/2014/texmf-dist/tex/latex/pdftex-def/pdftex.def
File: pdftex.def 2011/05/27 v0.06d Graphics/color for pdfTeX

(/usr/local/texlive/2014/texmf-dist/tex/generic/oberdiek/infwarerr.sty
Package: infwarerr 2010/04/08 v1.3 Providing info/warning/error messages (HO)
)
(/usr/local/texlive/2014/texmf-dist/tex/generic/oberdiek/ltxcmds.sty
Package: ltxcmds 2011/11/09 v1.22 LaTeX kernel commands for general use (HO)
)
\Gread@gobject=\count87
))
\Gin@req@height=\dimen103
\Gin@req@width=\dimen104
)
(/usr/local/texlive/2014/texmf-dist/tex/latex/tools/indentfirst.sty
Package: indentfirst 1995/11/23 v1.03 Indent first paragraph (DPC)
)
(./1105_hw_yhhsu.aux)
\openout1 = `1105_hw_yhhsu.aux'.

LaTeX Font Info:    Checking defaults for OML/cmm/m/it on input line 27.
LaTeX Font Info:    ... okay on input line 27.
LaTeX Font Info:    Checking defaults for T1/cmr/m/n on input line 27.
LaTeX Font Info:    ... okay on input line 27.
LaTeX Font Info:    Checking defaults for OT1/cmr/m/n on input line 27.
LaTeX Font Info:    ... okay on input line 27.
LaTeX Font Info:    Checking defaults for OMS/cmsy/m/n on input line 27.
LaTeX Font Info:    ... okay on input line 27.
LaTeX Font Info:    Checking defaults for OMX/cmex/m/n on input line 27.
LaTeX Font Info:    ... okay on input line 27.
LaTeX Font Info:    Checking defaults for U/cmr/m/n on input line 27.
LaTeX Font Info:    ... okay on input line 27.

(/usr/local/texlive/2014/texmf-dist/tex/context/base/supp-pdf.mkii
[Loading MPS to PDF converter (version 2006.09.02).]
\scratchcounter=\count88
\scratchdimen=\dimen105
\scratchbox=\box26
\nofMPsegments=\count89
\nofMParguments=\count90
\everyMPshowfont=\toks15
\MPscratchCnt=\count91
\MPscratchDim=\dimen106
\MPnumerator=\count92
\makeMPintoPDFobject=\count93
\everyMPtoPDFconversion=\toks16
) (/usr/local/texlive/2014/texmf-dist/tex/generic/oberdiek/pdftexcmds.sty
Package: pdftexcmds 2011/11/29 v0.20 Utility functions of pdfTeX for LuaTeX (HO
)

(/usr/local/texlive/2014/texmf-dist/tex/generic/oberdiek/ifluatex.sty
Package: ifluatex 2010/03/01 v1.3 Provides the ifluatex switch (HO)
Package ifluatex Info: LuaTeX not detected.
)
(/usr/local/texlive/2014/texmf-dist/tex/generic/oberdiek/ifpdf.sty
Package: ifpdf 2011/01/30 v2.3 Provides the ifpdf switch (HO)
Package ifpdf Info: pdfTeX in PDF mode is detected.
)
Package pdftexcmds Info: LuaTeX not detected.
Package pdftexcmds Info: \pdf@primitive is available.
Package pdftexcmds Info: \pdf@ifprimitive is available.
Package pdftexcmds Info: \pdfdraftmode found.
)
(/usr/local/texlive/2014/texmf-dist/tex/latex/oberdiek/epstopdf-base.sty
Package: epstopdf-base 2010/02/09 v2.5 Base part for package epstopdf

(/usr/local/texlive/2014/texmf-dist/tex/latex/oberdiek/grfext.sty
Package: grfext 2010/08/19 v1.1 Manage graphics extensions (HO)

(/usr/local/texlive/2014/texmf-dist/tex/generic/oberdiek/kvdefinekeys.sty
Package: kvdefinekeys 2011/04/07 v1.3 Define keys (HO)
))
(/usr/local/texlive/2014/texmf-dist/tex/latex/oberdiek/kvoptions.sty
Package: kvoptions 2011/06/30 v3.11 Key value format for package options (HO)

(/usr/local/texlive/2014/texmf-dist/tex/generic/oberdiek/kvsetkeys.sty
Package: kvsetkeys 2012/04/25 v1.16 Key value parser (HO)

(/usr/local/texlive/2014/texmf-dist/tex/generic/oberdiek/etexcmds.sty
Package: etexcmds 2011/02/16 v1.5 Avoid name clashes with e-TeX commands (HO)
Package etexcmds Info: Could not find \expanded.
(etexcmds)             That can mean that you are not using pdfTeX 1.50 or
(etexcmds)             that some package has redefined \expanded.
(etexcmds)             In the latter case, load this package earlier.
)))
Package grfext Info: Graphics extension search list:
(grfext)             [.png,.pdf,.jpg,.mps,.jpeg,.jbig2,.jb2,.PNG,.PDF,.JPG,.JPE
G,.JBIG2,.JB2,.eps]
(grfext)             \AppendGraphicsExtensions on input line 452.

(/usr/local/texlive/2014/texmf-dist/tex/latex/latexconfig/epstopdf-sys.cfg
File: epstopdf-sys.cfg 2010/07/13 v1.3 Configuration of (r)epstopdf for TeX Liv
e
))
LaTeX Font Info:    External font `cmex10' loaded for size
(Font)              <14.4> on input line 32.
LaTeX Font Info:    External font `cmex10' loaded for size
(Font)              <7> on input line 32.
LaTeX Font Info:    External font `cmex10' loaded for size
(Font)              <12> on input line 35.
LaTeX Font Info:    External font `cmex10' loaded for size
(Font)              <8> on input line 35.
LaTeX Font Info:    External font `cmex10' loaded for size
(Font)              <6> on input line 35.

<redblack.jpg, id=1, 395.4775pt x 262.9825pt>
File: redblack.jpg Graphic file (type jpg)
 <use redblack.jpg>
Package pdftex.def Info: redblack.jpg used on input line 41.
(pdftex.def)             Requested size: 375.80542pt x 249.90417pt.


LaTeX Warning: `!h' float specifier changed to `!ht'.

[1

{/usr/local/texlive/2014/texmf-var/fonts/map/pdftex/updmap/pdftex.map}]
[2 <./redblack.jpg>] <Conv_rate_N_8.png, id=20, 578.16pt x 433.62pt>
File: Conv_rate_N_8.png Graphic file (type png)

<use Conv_rate_N_8.png>
Package pdftex.def Info: Conv_rate_N_8.png used on input line 90.
(pdftex.def)             Requested size: 187.89912pt x 140.92482pt.
 <Conv_rate_N_16.png, id=22, 578.16pt x 433.62pt>
File: Conv_rate_N_16.png Graphic file (type png)

<use Conv_rate_N_16.png>
Package pdftex.def Info: Conv_rate_N_16.png used on input line 91.
(pdftex.def)             Requested size: 187.89912pt x 140.92482pt.
 <Conv_rate_N_32.png, id=23, 578.16pt x 433.62pt>
File: Conv_rate_N_32.png Graphic file (type png)

<use Conv_rate_N_32.png>
Package pdftex.def Info: Conv_rate_N_32.png used on input line 92.
(pdftex.def)             Requested size: 187.89912pt x 140.92482pt.
 <Conv_rate_N_64.png, id=24, 578.16pt x 433.62pt>
File: Conv_rate_N_64.png Graphic file (type png)

<use Conv_rate_N_64.png>
Package pdftex.def Info: Conv_rate_N_64.png used on input line 93.
(pdftex.def)             Requested size: 187.89912pt x 140.92482pt.
 [3 <./Conv_rate_N_8.png> <./Conv_rate_N_16.png> <./Conv_rate_N_32.png> <./Conv
_rate_N_64.png>]
<Conv_rate_N_8_2.png, id=32, 578.16pt x 433.62pt>
File: Conv_rate_N_8_2.png Graphic file (type png)
 <use Conv_rate_N_8_2.png>
Package pdftex.def Info: Conv_rate_N_8_2.png used on input line 110.
(pdftex.def)             Requested size: 187.89912pt x 140.92482pt.

<Conv_rate_N_16_2.png, id=33, 578.16pt x 433.62pt>
File: Conv_rate_N_16_2.png Graphic file (type png)
 <use Conv_rate_N_16_2.png>
Package pdftex.def Info: Conv_rate_N_16_2.png used on input line 111.
(pdftex.def)             Requested size: 187.89912pt x 140.92482pt.

<Conv_rate_N_32_2.png, id=34, 578.16pt x 433.62pt>
File: Conv_rate_N_32_2.png Graphic file (type png)
 <use Conv_rate_N_32_2.png>
Package pdftex.def Info: Conv_rate_N_32_2.png used on input line 112.
(pdftex.def)             Requested size: 187.89912pt x 140.92482pt.

<Conv_rate_N_64_2.png, id=35, 578.16pt x 433.62pt>
File: Conv_rate_N_64_2.png Graphic file (type png)
 <use Conv_rate_N_64_2.png>
Package pdftex.def Info: Conv_rate_N_64_2.png used on input line 113.
(pdftex.def)             Requested size: 187.89912pt x 140.92482pt.

<optimal.png, id=36, 578.16pt x 433.62pt>
File: optimal.png Graphic file (type png)
 <use optimal.png>
Package pdftex.def Info: optimal.png used on input line 123.
(pdftex.def)             Requested size: 187.89912pt x 140.92482pt.


LaTeX Warning: `!h' float specifier changed to `!ht'.

[4 <./Conv_rate_N_8_2.png> <./Conv_rate_N_16_2.png> <./Conv_rate_N_32_2.png> <.
/Conv_rate_N_64_2.png>] <iteraion.png, id=44, 578.16pt x 433.62pt>
File: iteraion.png Graphic file (type png)

<use iteraion.png>
Package pdftex.def Info: iteraion.png used on input line 132.
(pdftex.def)             Requested size: 187.89912pt x 140.92482pt.
 [5 <./optimal.png> <./iteraion.png>] (./1105_hw_yhhsu.aux) ) 
Here is how much of TeX's memory you used:
 1559 strings out of 493117
 22915 string characters out of 6135434
 82094 words of memory out of 5000000
 5017 multiletter control sequences out of 15000+600000
 8501 words of font info for 30 fonts, out of 8000000 for 9000
 1141 hyphenation exceptions out of 8191
 37i,7n,23p,455b,264s stack positions out of 5000i,500n,10000p,200000b,80000s
</usr/local/texliv
e/2014/texmf-dist/fonts/type1/public/amsfonts/cm/cmbx12.pfb></usr/local/texlive
/2014/texmf-dist/fonts/type1/public/amsfonts/cm/cmex10.pfb></usr/local/texlive/
2014/texmf-dist/fonts/type1/public/amsfonts/cm/cmmi12.pfb></usr/local/texlive/2
014/texmf-dist/fonts/type1/public/amsfonts/cm/cmmi8.pfb></usr/local/texlive/201
4/texmf-dist/fonts/type1/public/amsfonts/cm/cmr12.pfb></usr/local/texlive/2014/
texmf-dist/fonts/type1/public/amsfonts/cm/cmr17.pfb></usr/local/texlive/2014/te
xmf-dist/fonts/type1/public/amsfonts/cm/cmr6.pfb></usr/local/texlive/2014/texmf
-dist/fonts/type1/public/amsfonts/cm/cmr8.pfb></usr/local/texlive/2014/texmf-di
st/fonts/type1/public/amsfonts/cm/cmsy10.pfb></usr/local/texlive/2014/texmf-dis
t/fonts/type1/public/amsfonts/cm/cmsy8.pfb>
Output written on 1105_hw_yhhsu.pdf (5 pages, 486091 bytes).
PDF statistics:
 82 PDF objects out of 1000 (max. 8388607)
 43 compressed objects within 1 object stream
 0 named destinations out of 1000 (max. 500000)
 56 words of extra memory for PDF output out of 10000 (max. 10000000)

