This is pdfTeX, Version 3.14159265-2.6-1.40.17 (TeX Live 2016) (preloaded format=pdflatex 2016.10.18)  18 JAN 2017 18:36
entering extended mode
 restricted \write18 enabled.
 %&-line parsing enabled.
**1211_hw_yhhsu.tex
(./1211_hw_yhhsu.tex
LaTeX2e <2016/03/31>
Babel <3.9r> and hyphenation patterns for 83 language(s) loaded.
(/usr/local/texlive/2016/texmf-dist/tex/latex/base/article.cls
Document Class: article 2014/09/29 v1.4h Standard LaTeX document class
(/usr/local/texlive/2016/texmf-dist/tex/latex/base/size12.clo
File: size12.clo 2014/09/29 v1.4h Standard LaTeX file (size option)
)
\c@part=\count79
\c@section=\count80
\c@subsection=\count81
\c@subsubsection=\count82
\c@paragraph=\count83
\c@subparagraph=\count84
\c@figure=\count85
\c@table=\count86
\abovecaptionskip=\skip41
\belowcaptionskip=\skip42
\bibindent=\dimen102
)
(/usr/local/texlive/2016/texmf-dist/tex/latex/graphics/graphicx.sty
Package: graphicx 2014/10/28 v1.0g Enhanced LaTeX Graphics (DPC,SPQR)

(/usr/local/texlive/2016/texmf-dist/tex/latex/graphics/keyval.sty
Package: keyval 2014/10/28 v1.15 key=value parser (DPC)
\KV@toks@=\toks14
)
(/usr/local/texlive/2016/texmf-dist/tex/latex/graphics/graphics.sty
Package: graphics 2016/05/09 v1.0r Standard LaTeX Graphics (DPC,SPQR)

(/usr/local/texlive/2016/texmf-dist/tex/latex/graphics/trig.sty
Package: trig 2016/01/03 v1.10 sin cos tan (DPC)
)
(/usr/local/texlive/2016/texmf-dist/tex/latex/graphics-cfg/graphics.cfg
File: graphics.cfg 2016/01/02 v1.10 sample graphics configuration
)
Package graphics Info: Driver file: pdftex.def on input line 96.

(/usr/local/texlive/2016/texmf-dist/tex/latex/pdftex-def/pdftex.def
File: pdftex.def 2011/05/27 v0.06d Graphics/color for pdfTeX

(/usr/local/texlive/2016/texmf-dist/tex/generic/oberdiek/infwarerr.sty
Package: infwarerr 2016/05/16 v1.4 Providing info/warning/error messages (HO)
)
(/usr/local/texlive/2016/texmf-dist/tex/generic/oberdiek/ltxcmds.sty
Package: ltxcmds 2016/05/16 v1.23 LaTeX kernel commands for general use (HO)
)
\Gread@gobject=\count87
))
\Gin@req@height=\dimen103
\Gin@req@width=\dimen104
)
(/usr/local/texlive/2016/texmf-dist/tex/latex/tools/indentfirst.sty
Package: indentfirst 1995/11/23 v1.03 Indent first paragraph (DPC)
)
(/usr/local/texlive/2016/texmf-dist/tex/latex/amsmath/amsmath.sty
Package: amsmath 2016/03/10 v2.15b AMS math features
\@mathmargin=\skip43

For additional information on amsmath, use the `?' option.
(/usr/local/texlive/2016/texmf-dist/tex/latex/amsmath/amstext.sty
Package: amstext 2000/06/29 v2.01 AMS text

(/usr/local/texlive/2016/texmf-dist/tex/latex/amsmath/amsgen.sty
File: amsgen.sty 1999/11/30 v2.0 generic functions
\@emptytoks=\toks15
\ex@=\dimen105
))
(/usr/local/texlive/2016/texmf-dist/tex/latex/amsmath/amsbsy.sty
Package: amsbsy 1999/11/29 v1.2d Bold Symbols
\pmbraise@=\dimen106
)
(/usr/local/texlive/2016/texmf-dist/tex/latex/amsmath/amsopn.sty
Package: amsopn 2016/03/08 v2.02 operator names
)
\inf@bad=\count88
LaTeX Info: Redefining \frac on input line 199.
\uproot@=\count89
\leftroot@=\count90
LaTeX Info: Redefining \overline on input line 297.
\classnum@=\count91
\DOTSCASE@=\count92
LaTeX Info: Redefining \ldots on input line 394.
LaTeX Info: Redefining \dots on input line 397.
LaTeX Info: Redefining \cdots on input line 518.
\Mathstrutbox@=\box26
\strutbox@=\box27
\big@size=\dimen107
LaTeX Font Info:    Redeclaring font encoding OML on input line 634.
LaTeX Font Info:    Redeclaring font encoding OMS on input line 635.
\macc@depth=\count93
\c@MaxMatrixCols=\count94
\dotsspace@=\muskip10
\c@parentequation=\count95
\dspbrk@lvl=\count96
\tag@help=\toks16
\row@=\count97
\column@=\count98
\maxfields@=\count99
\andhelp@=\toks17
\eqnshift@=\dimen108
\alignsep@=\dimen109
\tagshift@=\dimen110
\tagwidth@=\dimen111
\totwidth@=\dimen112
\lineht@=\dimen113
\@envbody=\toks18
\multlinegap=\skip44
\multlinetaggap=\skip45
\mathdisplay@stack=\toks19
LaTeX Info: Redefining \[ on input line 2739.
LaTeX Info: Redefining \] on input line 2740.
)
(./1211_hw_yhhsu.aux)
\openout1 = `1211_hw_yhhsu.aux'.

LaTeX Font Info:    Checking defaults for OML/cmm/m/it on input line 29.
LaTeX Font Info:    ... okay on input line 29.
LaTeX Font Info:    Checking defaults for T1/cmr/m/n on input line 29.
LaTeX Font Info:    ... okay on input line 29.
LaTeX Font Info:    Checking defaults for OT1/cmr/m/n on input line 29.
LaTeX Font Info:    ... okay on input line 29.
LaTeX Font Info:    Checking defaults for OMS/cmsy/m/n on input line 29.
LaTeX Font Info:    ... okay on input line 29.
LaTeX Font Info:    Checking defaults for OMX/cmex/m/n on input line 29.
LaTeX Font Info:    ... okay on input line 29.
LaTeX Font Info:    Checking defaults for U/cmr/m/n on input line 29.
LaTeX Font Info:    ... okay on input line 29.

(/usr/local/texlive/2016/texmf-dist/tex/context/base/mkii/supp-pdf.mkii
[Loading MPS to PDF converter (version 2006.09.02).]
\scratchcounter=\count100
\scratchdimen=\dimen114
\scratchbox=\box28
\nofMPsegments=\count101
\nofMParguments=\count102
\everyMPshowfont=\toks20
\MPscratchCnt=\count103
\MPscratchDim=\dimen115
\MPnumerator=\count104
\makeMPintoPDFobject=\count105
\everyMPtoPDFconversion=\toks21
) (/usr/local/texlive/2016/texmf-dist/tex/generic/oberdiek/pdftexcmds.sty
Package: pdftexcmds 2016/05/10 v0.21 Utility functions of pdfTeX for LuaTeX (HO
)

(/usr/local/texlive/2016/texmf-dist/tex/generic/oberdiek/ifluatex.sty
Package: ifluatex 2016/05/16 v1.4 Provides the ifluatex switch (HO)
Package ifluatex Info: LuaTeX not detected.
)
(/usr/local/texlive/2016/texmf-dist/tex/generic/oberdiek/ifpdf.sty
Package: ifpdf 2016/05/14 v3.1 Provides the ifpdf switch
)
Package pdftexcmds Info: LuaTeX not detected.
Package pdftexcmds Info: \pdf@primitive is available.
Package pdftexcmds Info: \pdf@ifprimitive is available.
Package pdftexcmds Info: \pdfdraftmode found.
)
(/usr/local/texlive/2016/texmf-dist/tex/latex/oberdiek/epstopdf-base.sty
Package: epstopdf-base 2016/05/15 v2.6 Base part for package epstopdf

(/usr/local/texlive/2016/texmf-dist/tex/latex/oberdiek/grfext.sty
Package: grfext 2016/05/16 v1.2 Manage graphics extensions (HO)

(/usr/local/texlive/2016/texmf-dist/tex/generic/oberdiek/kvdefinekeys.sty
Package: kvdefinekeys 2016/05/16 v1.4 Define keys (HO)
))
(/usr/local/texlive/2016/texmf-dist/tex/latex/oberdiek/kvoptions.sty
Package: kvoptions 2016/05/16 v3.12 Key value format for package options (HO)

(/usr/local/texlive/2016/texmf-dist/tex/generic/oberdiek/kvsetkeys.sty
Package: kvsetkeys 2016/05/16 v1.17 Key value parser (HO)

(/usr/local/texlive/2016/texmf-dist/tex/generic/oberdiek/etexcmds.sty
Package: etexcmds 2016/05/16 v1.6 Avoid name clashes with e-TeX commands (HO)
Package etexcmds Info: Could not find \expanded.
(etexcmds)             That can mean that you are not using pdfTeX 1.50 or
(etexcmds)             that some package has redefined \expanded.
(etexcmds)             In the latter case, load this package earlier.
)))
Package grfext Info: Graphics extension search list:
(grfext)             [.png,.pdf,.jpg,.mps,.jpeg,.jbig2,.jb2,.PNG,.PDF,.JPG,.JPE
G,.JBIG2,.JB2,.eps]
(grfext)             \AppendGraphicsExtensions on input line 456.

(/usr/local/texlive/2016/texmf-dist/tex/latex/latexconfig/epstopdf-sys.cfg
File: epstopdf-sys.cfg 2010/07/13 v1.3 Configuration of (r)epstopdf for TeX Liv
e
))
[1

{/usr/local/texlive/2016/texmf-var/fonts/map/pdftex/updmap/pdftex.map}]
[2] <exp1/Hot_L_4_Beta_2_iter_120000.png, id=21, 578.16pt x 433.62pt>
File: exp1/Hot_L_4_Beta_2_iter_120000.png Graphic file (type png)

<use exp1/Hot_L_4_Beta_2_iter_120000.png>
Package pdftex.def Info: exp1/Hot_L_4_Beta_2_iter_120000.png used on input line
 103.
(pdftex.def)             Requested size: 187.89912pt x 140.92482pt.

<exp1/Hot_L_8_Beta_2_iter_120000.png, id=23, 578.16pt x 433.62pt>
File: exp1/Hot_L_8_Beta_2_iter_120000.png Graphic file (type png)

<use exp1/Hot_L_8_Beta_2_iter_120000.png>
Package pdftex.def Info: exp1/Hot_L_8_Beta_2_iter_120000.png used on input line
 104.
(pdftex.def)             Requested size: 187.89912pt x 140.92482pt.

<exp1/Hot_L_16_Beta_2_iter_120000.png, id=24, 578.16pt x 433.62pt>
File: exp1/Hot_L_16_Beta_2_iter_120000.png Graphic file (type png)

<use exp1/Hot_L_16_Beta_2_iter_120000.png>
Package pdftex.def Info: exp1/Hot_L_16_Beta_2_iter_120000.png used on input lin
e 105.
(pdftex.def)             Requested size: 187.89912pt x 140.92482pt.

<exp1/Hot_L_32_Beta_2_iter_120000.png, id=25, 578.16pt x 433.62pt>
File: exp1/Hot_L_32_Beta_2_iter_120000.png Graphic file (type png)

<use exp1/Hot_L_32_Beta_2_iter_120000.png>
Package pdftex.def Info: exp1/Hot_L_32_Beta_2_iter_120000.png used on input lin
e 106.
(pdftex.def)             Requested size: 187.89912pt x 140.92482pt.

<exp1/Hot_L_64_Beta_2_iter_120000.png, id=26, 578.16pt x 433.62pt>
File: exp1/Hot_L_64_Beta_2_iter_120000.png Graphic file (type png)

<use exp1/Hot_L_64_Beta_2_iter_120000.png>
Package pdftex.def Info: exp1/Hot_L_64_Beta_2_iter_120000.png used on input lin
e 107.
(pdftex.def)             Requested size: 187.89912pt x 140.92482pt.


LaTeX Warning: `!h' float specifier changed to `!ht'.

<exp1/Hot_L_32_Beta_1_iter_120000.png, id=27, 578.16pt x 433.62pt>
File: exp1/Hot_L_32_Beta_1_iter_120000.png Graphic file (type png)

<use exp1/Hot_L_32_Beta_1_iter_120000.png>
Package pdftex.def Info: exp1/Hot_L_32_Beta_1_iter_120000.png used on input lin
e 116.
(pdftex.def)             Requested size: 187.89912pt x 140.92482pt.

<exp1/Hot_L_32_Beta_8_iter_120000.png, id=28, 578.16pt x 433.62pt>
File: exp1/Hot_L_32_Beta_8_iter_120000.png Graphic file (type png)

<use exp1/Hot_L_32_Beta_8_iter_120000.png>
Package pdftex.def Info: exp1/Hot_L_32_Beta_8_iter_120000.png used on input lin
e 117.
(pdftex.def)             Requested size: 187.89912pt x 140.92482pt.

<exp1/Cold_L_32_Beta_1_iter_120000.png, id=29, 578.16pt x 433.62pt>
File: exp1/Cold_L_32_Beta_1_iter_120000.png Graphic file (type png)

<use exp1/Cold_L_32_Beta_1_iter_120000.png>
Package pdftex.def Info: exp1/Cold_L_32_Beta_1_iter_120000.png used on input li
ne 118.
(pdftex.def)             Requested size: 187.89912pt x 140.92482pt.

<exp1/Cold_L_32_Beta_8_iter_120000.png, id=30, 578.16pt x 433.62pt>
File: exp1/Cold_L_32_Beta_8_iter_120000.png Graphic file (type png)

<use exp1/Cold_L_32_Beta_8_iter_120000.png>
Package pdftex.def Info: exp1/Cold_L_32_Beta_8_iter_120000.png used on input li
ne 119.
(pdftex.def)             Requested size: 187.89912pt x 140.92482pt.


LaTeX Warning: `!h' float specifier changed to `!ht'.

<average_plot_L_16_Cold.png, id=31, 578.16pt x 433.62pt>
File: average_plot_L_16_Cold.png Graphic file (type png)

<use average_plot_L_16_Cold.png>
Package pdftex.def Info: average_plot_L_16_Cold.png used on input line 133.
(pdftex.def)             Requested size: 187.89912pt x 140.92482pt.

<average_plot_L_16_Hot.png, id=32, 578.16pt x 433.62pt>
File: average_plot_L_16_Hot.png Graphic file (type png)

<use average_plot_L_16_Hot.png>
Package pdftex.def Info: average_plot_L_16_Hot.png used on input line 134.
(pdftex.def)             Requested size: 187.89912pt x 140.92482pt.


LaTeX Warning: `!h' float specifier changed to `!ht'.

<exp2/Hot_L_4_Beta_2_iter_120000.png, id=33, 578.16pt x 433.62pt>
File: exp2/Hot_L_4_Beta_2_iter_120000.png Graphic file (type png)

<use exp2/Hot_L_4_Beta_2_iter_120000.png>
Package pdftex.def Info: exp2/Hot_L_4_Beta_2_iter_120000.png used on input line
 144.
(pdftex.def)             Requested size: 187.89912pt x 140.92482pt.

<exp2/Hot_L_8_Beta_2_iter_120000.png, id=34, 578.16pt x 433.62pt>
File: exp2/Hot_L_8_Beta_2_iter_120000.png Graphic file (type png)

<use exp2/Hot_L_8_Beta_2_iter_120000.png>
Package pdftex.def Info: exp2/Hot_L_8_Beta_2_iter_120000.png used on input line
 145.
(pdftex.def)             Requested size: 187.89912pt x 140.92482pt.

<exp2/Hot_L_16_Beta_2_iter_120000.png, id=35, 578.16pt x 433.62pt>
File: exp2/Hot_L_16_Beta_2_iter_120000.png Graphic file (type png)

<use exp2/Hot_L_16_Beta_2_iter_120000.png>
Package pdftex.def Info: exp2/Hot_L_16_Beta_2_iter_120000.png used on input lin
e 146.
(pdftex.def)             Requested size: 187.89912pt x 140.92482pt.

<exp2/Hot_L_32_Beta_2_iter_120000.png, id=36, 578.16pt x 433.62pt>
File: exp2/Hot_L_32_Beta_2_iter_120000.png Graphic file (type png)

<use exp2/Hot_L_32_Beta_2_iter_120000.png>
Package pdftex.def Info: exp2/Hot_L_32_Beta_2_iter_120000.png used on input lin
e 147.
(pdftex.def)             Requested size: 187.89912pt x 140.92482pt.

<exp2/Hot_L_64_Beta_2_iter_120000.png, id=37, 578.16pt x 433.62pt>
File: exp2/Hot_L_64_Beta_2_iter_120000.png Graphic file (type png)

<use exp2/Hot_L_64_Beta_2_iter_120000.png>
Package pdftex.def Info: exp2/Hot_L_64_Beta_2_iter_120000.png used on input lin
e 148.
(pdftex.def)             Requested size: 187.89912pt x 140.92482pt.


LaTeX Warning: `!h' float specifier changed to `!ht'.

<Cold_Mag_sq.png, id=38, 578.16pt x 433.62pt>
File: Cold_Mag_sq.png Graphic file (type png)
 <use Cold_Mag_sq.png>
Package pdftex.def Info: Cold_Mag_sq.png used on input line 159.
(pdftex.def)             Requested size: 187.89912pt x 140.92482pt.

<Hot_Mag_sq.png, id=39, 578.16pt x 433.62pt>
File: Hot_Mag_sq.png Graphic file (type png)
 <use Hot_Mag_sq.png>
Package pdftex.def Info: Hot_Mag_sq.png used on input line 160.
(pdftex.def)             Requested size: 187.89912pt x 140.92482pt.
 [3]

LaTeX Warning: `!h' float specifier changed to `!ht'.

[4 <./exp1/Hot_L_4_Beta_2_iter_120000.png> <./exp1/Hot_L_8_Beta_2_iter_120000.p
ng> <./exp1/Hot_L_16_Beta_2_iter_120000.png> <./exp1/Hot_L_32_Beta_2_iter_12000
0.png> <./exp1/Hot_L_64_Beta_2_iter_120000.png>]
Overfull \vbox (12.48488pt too high) has occurred while \output is active []


[5 <./exp1/Hot_L_32_Beta_1_iter_120000.png> <./exp1/Hot_L_32_Beta_8_iter_120000
.png> <./exp1/Cold_L_32_Beta_1_iter_120000.png> <./exp1/Cold_L_32_Beta_8_iter_1
20000.png> <./average_plot_L_16_Cold.png> <./average_plot_L_16_Hot.png>]
<Cold_susceptability.png, id=60, 578.16pt x 433.62pt>
File: Cold_susceptability.png Graphic file (type png)

<use Cold_susceptability.png>
Package pdftex.def Info: Cold_susceptability.png used on input line 174.
(pdftex.def)             Requested size: 187.89912pt x 140.92482pt.

<Hot_susceptability.png, id=61, 578.16pt x 433.62pt>
File: Hot_susceptability.png Graphic file (type png)

<use Hot_susceptability.png>
Package pdftex.def Info: Hot_susceptability.png used on input line 175.
(pdftex.def)             Requested size: 187.89912pt x 140.92482pt.


LaTeX Warning: `!h' float specifier changed to `!ht'.

[6 <./exp2/Hot_L_4_Beta_2_iter_120000.png> <./exp2/Hot_L_8_Beta_2_iter_120000.p
ng> <./exp2/Hot_L_16_Beta_2_iter_120000.png> <./exp2/Hot_L_32_Beta_2_iter_12000
0.png> <./exp2/Hot_L_64_Beta_2_iter_120000.png>] [7 <./Cold_Mag_sq.png> <./Hot_
Mag_sq.png> <./Cold_susceptability.png> <./Hot_susceptability.png>]
(./1211_hw_yhhsu.aux) ) 
Here is how much of TeX's memory you used:
 2209 strings out of 493014
 32072 string characters out of 6133350
 94066 words of memory out of 5000000
 5723 multiletter control sequences out of 15000+600000
 9933 words of font info for 36 fonts, out of 8000000 for 9000
 1141 hyphenation exceptions out of 8191
 38i,9n,23p,445b,266s stack positions out of 5000i,500n,10000p,200000b,80000s
</usr/local/texlive/2016/texmf-dist/fonts/type1/public/a
msfonts/cm/cmbx12.pfb></usr/local/texlive/2016/texmf-dist/fonts/type1/public/am
sfonts/cm/cmex10.pfb></usr/local/texlive/2016/texmf-dist/fonts/type1/public/ams
fonts/cm/cmmi12.pfb></usr/local/texlive/2016/texmf-dist/fonts/type1/public/amsf
onts/cm/cmmi6.pfb></usr/local/texlive/2016/texmf-dist/fonts/type1/public/amsfon
ts/cm/cmmi8.pfb></usr/local/texlive/2016/texmf-dist/fonts/type1/public/amsfonts
/cm/cmr12.pfb></usr/local/texlive/2016/texmf-dist/fonts/type1/public/amsfonts/c
m/cmr17.pfb></usr/local/texlive/2016/texmf-dist/fonts/type1/public/amsfonts/cm/
cmr6.pfb></usr/local/texlive/2016/texmf-dist/fonts/type1/public/amsfonts/cm/cmr
8.pfb></usr/local/texlive/2016/texmf-dist/fonts/type1/public/amsfonts/cm/cmsy10
.pfb></usr/local/texlive/2016/texmf-dist/fonts/type1/public/amsfonts/cm/cmsy6.p
fb></usr/local/texlive/2016/texmf-dist/fonts/type1/public/amsfonts/cm/cmsy8.pfb
>
Output written on 1211_hw_yhhsu.pdf (7 pages, 1230395 bytes).
PDF statistics:
 117 PDF objects out of 1000 (max. 8388607)
 55 compressed objects within 1 object stream
 0 named destinations out of 1000 (max. 500000)
 101 words of extra memory for PDF output out of 10000 (max. 10000000)

